read data:/home/ricky/文档/SLAM_PRJ/slam_default2/rgbd_dataset_freiburg1_xyz,dense=false
reading file:/home/ricky/文档/SLAM_PRJ/slam_default2/rgbd_dataset_freiburg1_xyz/associate.txt

开始运行!
开始读取数据
[ INFO:0] Initialize OpenCL runtime...
*****Loop 0 finish******
twc estimate:1 0 0 0
0 1 0 0
0 0 1 0
0 0 0 1
匹配的数量为:2586
*****Loop 1 finish******
twc estimate:   0.999977   0.0029555 -0.00615829 -0.00211793
-0.00293612    0.999991  0.00315354  0.00920721
 0.00616756 -0.00313539    0.999976   0.0120393
          0           0           0           1
匹配的数量为:2597
*****Loop 2 finish******
twc estimate:  0.999845 0.00171967 -0.0175321 -0.0035661
-0.0012499   0.999641  0.0267704  0.0089376
 0.0175719 -0.0267443   0.999488  0.0383902
         0          0          0          1
匹配的数量为:2597
*****Loop 3 finish******
twc estimate:   0.999742 0.000187611  -0.0227191 -0.00257987
0.000639273    0.999338   0.0363833  0.00792227
  0.0227109  -0.0363884     0.99908   0.0538373
          0           0           0           1
匹配的数量为:2597
*****Loop 4 finish******
twc estimate:   0.999634 -0.00357467  -0.0268177 -0.00237989
 0.00464786    0.999186   0.0400632  0.00938803
  0.0266526  -0.0401732    0.998837   0.0654462
          0           0           0           1
匹配的数量为:2600
*****Loop 5 finish******
twc estimate:   0.999499  -0.0045008  -0.0313279 -0.00192346
 0.00586489    0.999032   0.0435874   0.0117991
  0.0311014  -0.0437493    0.998558   0.0781864
          0           0           0           1
匹配的数量为:2600
*****Loop 6 finish******
twc estimate:   0.999416 -0.00185073  -0.0341199 -0.00595735
 0.00342417     0.99893   0.0461145   0.0151585
   0.033998  -0.0462044    0.998353   0.0864177
          0           0           0           1
匹配的数量为:2600
*****Loop 7 finish******
twc estimate:   0.999129 -0.00157137  -0.0417076 -0.00566718
 0.00378596    0.998583   0.0530724   0.0229217
  0.0415651  -0.0531841    0.997719   0.0976256
          0           0           0           1
匹配的数量为:2600
*****Loop 8 finish******
twc estimate:    0.99882 -0.00145839  -0.0485432 -0.00320508
 0.00475371    0.997685   0.0678384   0.0238167
  0.0483319  -0.0679891    0.996515    0.115389
          0           0           0           1
匹配的数量为:2600
*****Loop 9 finish******
twc estimate:   0.998861 0.000993688  -0.0476996  -0.0020677
 0.00275002    0.996922   0.0783552   0.0240478
  0.0476307  -0.0783971    0.995784    0.129354
          0           0           0           1
匹配的数量为:2600
*****Loop 10 finish******
twc estimate:   0.999015   0.0066901  -0.0438715 -0.00131376
-0.00256353    0.995621   0.0934501   0.0213215
  0.0443046  -0.0932456    0.994657    0.160167
          0           0           0           1
匹配的数量为:2600
*****Loop 11 finish******
twc estimate:    0.999296   0.00427364   -0.0372645  -0.00321569
-0.000970309     0.996101    0.0882166    0.0205083
   0.0374962   -0.0881184     0.995404     0.171855
           0            0            0            1
匹配的数量为:2600
*****Loop 12 finish******
twc estimate:   0.999373  0.00180619   -0.035374 -0.00826284
 0.00121637     0.99636   0.0852382    0.028879
  0.0353992  -0.0852277    0.995732    0.190082
          0           0           0           1
匹配的数量为:2600
*****Loop 13 finish******
twc estimate:    0.999323 -0.000440267   -0.0367965  -0.00799216
  0.00367306     0.996128    0.0878347    0.0286867
   0.0366154   -0.0879104     0.995455     0.204165
           0            0            0            1
匹配的数量为:2600
*****Loop 14 finish******
twc estimate:   0.999283 -0.00318414  -0.0377307 -0.00795413
 0.00642687    0.996263   0.0861375   0.0370114
  0.0373154  -0.0863182    0.995569    0.216128
          0           0           0           1
匹配的数量为:2600
*****Loop 15 finish******
twc estimate:    0.999346 -4.10752e-05   -0.0361522  -0.00510911
  0.00335324     0.995794    0.0915614    0.0376607
   0.0359963   -0.0916228     0.995143     0.231985
           0            0            0            1
匹配的数量为:2600
*****Loop 16 finish******
twc estimate:   0.999584  0.00176665  -0.0288008   -0.006972
0.000918746    0.995669   0.0929615   0.0417817
  0.0288403  -0.0929492    0.995253    0.244043
          0           0           0           1
匹配的数量为:2595
*****Loop 17 finish******
twc estimate:    0.999728   0.00325003   -0.0231124  -0.00589822
-0.000980841     0.995233    0.0975216    0.0426785
   0.0233192   -0.0974724     0.994965       0.2588
           0            0            0            1
匹配的数量为:2600
*****Loop 18 finish******
twc estimate:   0.999865  0.00796459  -0.0143876  -0.0099381
-0.00653877    0.995305   0.0965626   0.0448755
  0.0150892  -0.0964554    0.995223    0.269106
          0           0           0           1
匹配的数量为:2600
*****Loop 19 finish******
twc estimate:    0.99988   0.0104842  -0.0113781  -0.0108139
-0.00934684    0.995358   0.0957838   0.0478313
  0.0123296   -0.095666    0.995337    0.280309
          0           0           0           1
匹配的数量为:2600
*****Loop 20 finish******
twc estimate:  0.999755  0.0135179 -0.0175511 -0.0209758
-0.0117236   0.995059  0.0985901  0.0514309
 0.0187971 -0.0983602   0.994973   0.295936
         0          0          0          1
匹配的数量为:2584
*****Loop 21 finish******
twc estimate:   0.999487  0.00831883  -0.0309132   -0.020675
-0.00515543    0.994869    0.101037   0.0545384
  0.0315951   -0.100826    0.994402    0.307607
          0           0           0           1
匹配的数量为:2600
*****Loop 22 finish******
twc estimate:   0.999064  0.00380362  -0.0430834  -0.0212454
0.000683067    0.994614    0.103649   0.0584581
  0.0432456   -0.103582     0.99368    0.318778
          0           0           0           1
匹配的数量为:2600
*****Loop 23 finish******
twc estimate:    0.998617 -0.000982223   -0.0525646   -0.0173624
  0.00642156     0.994618     0.103411    0.0599789
   0.0521801    -0.103605     0.993249     0.333226
           0            0            0            1
匹配的数量为:2600
*****Loop 24 finish******
twc estimate:   0.998738 -0.00206338  -0.0501742  -0.0191732
 0.00698357    0.995153    0.098086   0.0671346
  0.0497286  -0.0983126    0.993912    0.339287
          0           0           0           1
匹配的数量为:2600
*****Loop 25 finish******
twc estimate:   0.998687 -0.00504968  -0.0509785   -0.018643
  0.0102603    0.994683    0.102474   0.0688186
    0.05019   -0.102862    0.993429    0.350035
          0           0           0           1
匹配的数量为:2600
*****Loop 26 finish******
twc estimate:   0.998883 -0.00517257  -0.0469639  -0.0197318
 0.00994395    0.994741    0.101939   0.0745124
  0.0461897   -0.102293    0.993681    0.356712
          0           0           0           1
匹配的数量为:2593
*****Loop 27 finish******
twc estimate:  0.998858 -0.0134331 -0.0458539 -0.0214114
 0.0190968   0.991922   0.125407  0.0818453
 0.0437988  -0.126139   0.991045   0.371486
         0          0          0          1
匹配的数量为:2588
*****Loop 28 finish******
twc estimate:  0.998709 -0.0203292 -0.0465598 -0.0273933
  0.026926   0.988953    0.14576  0.0812472
 0.0430822  -0.146826   0.988224   0.374367
         0          0          0          1
匹配的数量为:2565
*****Loop 29 finish******
twc estimate:  0.997607 -0.0204933 -0.0660278 -0.0271484
 0.0309219   0.986466   0.161022  0.0774314
 0.0618343  -0.162679    0.98474   0.381926
         0          0          0          1
匹配的数量为:2592
*****Loop 30 finish******
twc estimate:  0.996645 -0.0194546 -0.0794984 -0.0209448
 0.0320961   0.986435   0.160981  0.0796514
 0.0752882  -0.162993   0.983751   0.386799
         0          0          0          1
匹配的数量为:2600
*****Loop 31 finish******
twc estimate:   0.99674 -0.0229456 -0.0773524 -0.0196881
 0.0357823   0.984984   0.168898   0.078323
 0.0723154  -0.171115   0.982594   0.387757
         0          0          0          1
匹配的数量为:2600
*****Loop 32 finish******
twc estimate:  0.996826 -0.0252336 -0.0755124 -0.0210741
 0.0381282   0.983913   0.174534  0.0735311
 0.0698935  -0.176859   0.981751   0.386795
         0          0          0          1
匹配的数量为:2600
*****Loop 33 finish******
twc estimate:  0.996563 -0.0237896 -0.0793523  -0.022051
 0.0373839   0.983945   0.174511  0.0711457
 0.0739268  -0.176877   0.981453   0.382102
         0          0          0          1
匹配的数量为:2600
*****Loop 34 finish******
twc estimate:  0.996133 -0.0204327  -0.085447 -0.0211874
 0.0351791   0.983972    0.17482  0.0673962
 0.0805053   -0.17715   0.980886   0.378571
         0          0          0          1
匹配的数量为:2600
*****Loop 35 finish******
twc estimate:  0.995907 -0.0162577 -0.0889145 -0.0204421
 0.0312849    0.98489   0.170331  0.0631743
 0.0848018  -0.172415   0.981367   0.372921
         0          0          0          1
匹配的数量为:2600
*****Loop 36 finish******
twc estimate:  0.995728 -0.0128907 -0.0914335 -0.0199763
 0.0276962   0.986309   0.162563  0.0585738
 0.0880862    -0.1644   0.982453   0.365576
         0          0          0          1
匹配的数量为:2597
*****Loop 37 finish******
twc estimate:  0.995456 -0.0141172   -0.09417  -0.020027
 0.0285224   0.987748   0.153431  0.0555631
 0.0908502  -0.155419   0.983662    0.35439
         0          0          0          1
匹配的数量为:2600
*****Loop 38 finish******
twc estimate:  0.994773 -0.0174153  -0.100612 -0.0200902
 0.0323866   0.988284   0.149148  0.0507155
 0.0968356  -0.151627   0.983683   0.344629
         0          0          0          1
匹配的数量为:2597
*****Loop 39 finish******
twc estimate:  0.993824  -0.018697   -0.10938 -0.0189007
 0.0343827   0.989077   0.143331  0.0464254
  0.105506  -0.146206   0.983612   0.334172
         0          0          0          1
匹配的数量为:2600
*****Loop 40 finish******
twc estimate:  0.993087 -0.0191534  -0.115805 -0.0161905
 0.0351155   0.989891   0.137412  0.0429178
  0.112003  -0.140529   0.983721   0.323625
         0          0          0          1
匹配的数量为:2600
*****Loop 41 finish******
twc estimate:  0.992809 -0.0188218  -0.118221 -0.0144586
  0.034489   0.990661   0.131914  0.0395398
  0.114634  -0.135043   0.984186   0.312429
         0          0          0          1
匹配的数量为:2600
*****Loop 42 finish******
twc estimate:  0.992805 -0.0179177  -0.118391  -0.012357
 0.0331984   0.991168    0.12839  0.0331915
  0.115044  -0.131396   0.984632   0.300936
         0          0          0          1
匹配的数量为:2600
*****Loop 43 finish******
twc estimate:  0.993186 -0.0113976  -0.115979 -0.0121682
 0.0255523   0.992287   0.121303  0.0306927
  0.113702   -0.12344   0.985817    0.28478
         0          0          0          1
匹配的数量为:2600
*****Loop 44 finish******
twc estimate:   0.993509 -0.00468464   -0.113657  -0.0109845
  0.0185756    0.992421     0.12147   0.0284065
   0.112227   -0.122793    0.986066    0.270225
          0           0           0           1
匹配的数量为:2600
*****Loop 45 finish******
twc estimate:  0.994008 0.00137681  -0.109297 -0.0142126
 0.0127041   0.991689    0.12803  0.0256055
  0.108565  -0.128652   0.985729   0.251335
         0          0          0          1
匹配的数量为:2600
*****Loop 46 finish******
twc estimate:  0.993132 0.00718859  -0.116778 -0.0127317
0.00993702   0.989322   0.145409  0.0138423
  0.116577  -0.145571   0.982456   0.241752
         0          0          0          1
匹配的数量为:2600
*****Loop 47 finish******
twc estimate:  0.991944 0.00995501  -0.126288  -0.009945
0.00846097   0.989475   0.144456 0.00675994
  0.126397  -0.144361   0.981419   0.229196
         0          0          0          1
匹配的数量为:2600
*****Loop 48 finish******
twc estimate:   0.991174   0.0116858    -0.13205 -0.00800606
 0.00691393    0.990195    0.139524  0.00394133
   0.132386   -0.139205    0.981374    0.214648
          0           0           0           1
匹配的数量为:2600
*****Loop 49 finish******
twc estimate:    0.99043   0.0132125    -0.13738 -0.00468823
 0.00571005    0.990632     0.13644 -0.00143614
   0.137896   -0.135919    0.981076    0.202324
          0           0           0           1
匹配的数量为:2600
*****Loop 50 finish******
twc estimate:   0.989936   0.0140781   -0.140813 0.000460026
 0.00408662    0.991781    0.127886 -0.00590312
   0.141456   -0.127174    0.981742    0.192748
          0           0           0           1
匹配的数量为:2600
*****Loop 51 finish******
twc estimate:    0.99058   0.0169568   -0.135881  0.00415731
-0.00159015    0.993661    0.112409 -0.00777136
   0.136925   -0.111134    0.984328     0.17794
          0           0           0           1
匹配的数量为:2600
*****Loop 52 finish******
twc estimate:   0.991692   0.0212671   -0.126864  0.00649646
-0.00811388    0.994616    0.103309 -0.00773301
   0.128378   -0.101421    0.986526    0.162732
          0           0           0           1
匹配的数量为:2600
*****Loop 53 finish******
twc estimate:  0.992884  0.0237335  -0.116699 0.00994746
-0.0121911   0.995048  0.0986434 -0.0138309
  0.118463 -0.0965187   0.988256    0.15187
         0          0          0          1
匹配的数量为:2600
*****Loop 54 finish******
twc estimate:  0.994268   0.024652  -0.104035 0.00927129
 -0.015302   0.995848  0.0897331 -0.0187981
  0.105815 -0.0876268   0.990517   0.135453
         0          0          0          1
匹配的数量为:2600
*****Loop 55 finish******
twc estimate:  0.994946  0.0252765 -0.0971797 0.00935626
-0.0174205   0.996574  0.0808552 -0.0211009
 0.0988905 -0.0787537   0.991977   0.119903
         0          0          0          1
匹配的数量为:2600
*****Loop 56 finish******
twc estimate:  0.995368  0.0243924 -0.0929939  0.0113511
 -0.017521   0.997104  0.0740039 -0.0264767
 0.0945297 -0.0720317   0.992913   0.107405
         0          0          0          1
匹配的数量为:2600
*****Loop 57 finish******
twc estimate:  0.995752  0.0232641 -0.0890865  0.0127689
-0.0175959   0.997802  0.0638908 -0.0279889
 0.0903771 -0.0620518   0.993973  0.0944723
         0          0          0          1
匹配的数量为:2600
*****Loop 58 finish******
twc estimate:  0.996089  0.0244721 -0.0849006   0.014464
-0.0199358   0.998349  0.0538734 -0.0286364
 0.0860788 -0.0519701   0.994932  0.0827013
         0          0          0          1
匹配的数量为:2600
*****Loop 59 finish******
twc estimate:  0.996558  0.0242215 -0.0792857  0.0161928
-0.0206157   0.998729  0.0459854  -0.029931
 0.0802988 -0.0441926   0.995791  0.0712511
         0          0          0          1
匹配的数量为:2600
*****Loop 60 finish******
twc estimate:  0.997109  0.0244605 -0.0719436   0.017646
-0.0217508   0.999033  0.0382091 -0.0290565
 0.0728086 -0.0365338   0.996677  0.0613806
         0          0          0          1
匹配的数量为:2600
*****Loop 61 finish******
twc estimate:  0.997781    0.02362 -0.0622501  0.0177434
-0.0215212   0.999184  0.0341736 -0.0298662
 0.0630065  -0.032758   0.997475  0.0506767
         0          0          0          1
匹配的数量为:2600
*****Loop 62 finish******
twc estimate:  0.998348  0.0224592 -0.0528842  0.0154981
-0.0207695   0.999263  0.0322858 -0.0324326
 0.0535704 -0.0311341   0.998079   0.037988
         0          0          0          1
匹配的数量为:2600
*****Loop 63 finish******
twc estimate:  0.998641  0.0214356 -0.0475053  0.0112193
-0.0199759    0.99932  0.0309918 -0.0327391
 0.0481373 -0.0300007    0.99839  0.0256209
         0          0          0          1
匹配的数量为:2600
*****Loop 64 finish******
twc estimate:  0.998609  0.0199546 -0.0488008 0.00833633
-0.0183701   0.999296   0.032704 -0.0356459
  0.049419  -0.031762   0.998273  0.0152442
         0          0          0          1
匹配的数量为:2600
*****Loop 65 finish******
twc estimate:  0.998407  0.0167278 -0.0538842 0.00729038
-0.0150362   0.999386  0.0316466 -0.0387016
 0.0543805  -0.030786   0.998046 0.00747991
         0          0          0          1
匹配的数量为:2600
*****Loop 66 finish******
twc estimate:    0.998117    0.0146276   -0.0595621    0.0100629
  -0.0132016     0.999618    0.0242646    -0.039366
   0.0598944   -0.0234326      0.99793 -0.000432804
           0            0            0            1
匹配的数量为:2600
*****Loop 67 finish******
twc estimate:   0.997977   0.0131459  -0.0622053   0.0156304
  -0.012189    0.999802   0.0157375  -0.0422891
  0.0623999  -0.0149475    0.997939 -0.00546427
          0           0           0           1
匹配的数量为:2600
*****Loop 68 finish******
twc estimate:    0.99832  0.00954194  -0.0571504   0.0230456
-0.00963428    0.999953 -0.00134041  -0.0489293
  0.0571349  0.00188876    0.998365  -0.0103812
          0           0           0           1
匹配的数量为:2551
*****Loop 69 finish******
twc estimate:   0.999076  0.00845507  -0.0421334   0.0246319
-0.00969911     0.99952  -0.0294098  -0.0434857
  0.0418646   0.0297913    0.998679  -0.0213218
          0           0           0           1
匹配的数量为:2563
*****Loop 70 finish******
twc estimate:   0.999629  0.00693486  -0.0263468   0.0262163
-0.00825067    0.998707  -0.0501662   -0.048247
  0.0259648   0.0503649    0.998393  -0.0313615
          0           0           0           1
匹配的数量为:2549
*****Loop 71 finish******
twc estimate:   0.999943  0.00263757  -0.0103875   0.0259621
-0.00345065    0.996865  -0.0790522  -0.0474918
  0.0101464   0.0790836    0.996816    -0.04388
          0           0           0           1
匹配的数量为:2524
*****Loop 72 finish******
twc estimate:   0.999994 0.000241048   0.0034339   0.0282945
0.000125399    0.994332   -0.106316  -0.0452898
-0.00344007    0.106316    0.994326  -0.0558357
          0           0           0           1
匹配的数量为:2525
*****Loop 73 finish******
twc estimate:   0.999816 -0.00170174   0.0191111   0.0272539
 0.00419255    0.991365   -0.131062   -0.043395
  -0.018723    0.131118     0.99119  -0.0671591
          0           0           0           1
匹配的数量为:2522
*****Loop 74 finish******
twc estimate:   0.999468 -0.00532766   0.0321854   0.0294715
  0.0102353    0.987971   -0.154301    -0.03814
 -0.0309762    0.154548      0.9875  -0.0755481
          0           0           0           1
匹配的数量为:2520
*****Loop 75 finish******
twc estimate:   0.998865 -0.00820106    0.046927   0.0279584
  0.0161327    0.985098   -0.171235  -0.0341638
 -0.0448234    0.171798    0.984112  -0.0841808
          0           0           0           1
匹配的数量为:2563
*****Loop 76 finish******
twc estimate:  0.998405 -0.0116464  0.0552492  0.0242679
 0.0216612   0.982631  -0.184301 -0.0266656
-0.0521432   0.185204   0.981316 -0.0902956
         0          0          0          1
匹配的数量为:2567
*****Loop 77 finish******
twc estimate:  0.998237 -0.0163848  0.0570421  0.0256583
 0.0269664   0.981412  -0.190011 -0.0215068
-0.0528685   0.191214   0.980124 -0.0907394
         0          0          0          1
匹配的数量为:2568
*****Loop 78 finish******
twc estimate:  0.998099 -0.0180431  0.0589292  0.0256251
 0.0290815   0.980921   -0.19222 -0.0186376
-0.0543366   0.193568   0.979581 -0.0896376
         0          0          0          1
匹配的数量为:2576
*****Loop 79 finish******
twc estimate:  0.998135 -0.0193357  0.0578947  0.0245438
 0.0301394    0.98093  -0.192008 -0.0122424
-0.0530781   0.193395   0.979684 -0.0863953
         0          0          0          1
匹配的数量为:2552
*****Loop 80 finish******
twc estimate:  0.998181 -0.0212023  0.0564351  0.0252741
 0.0312566   0.982479  -0.183731 -0.0081531
-0.0515508   0.185161   0.981355 -0.0786763
         0          0          0          1
匹配的数量为:2570
*****Loop 81 finish******
twc estimate:   0.998306  -0.0193109   0.0548764   0.0247693
  0.0285334    0.984578   -0.172606 -0.00579515
 -0.0506969    0.173879    0.983461  -0.0703858
          0           0           0           1
匹配的数量为:2560
*****Loop 82 finish******
twc estimate:   0.998494  -0.0167425   0.0522435    0.025147
  0.0248234    0.987112   -0.158091 -0.00631631
 -0.0489234     0.15915    0.986041  -0.0587868
          0           0           0           1
匹配的数量为:2559
*****Loop 83 finish******
twc estimate:  0.998583 -0.0140034  0.0513386   0.021191
 0.0213005   0.989279  -0.144475 -0.0100225
-0.0487651   0.145364   0.988176 -0.0465924
         0          0          0          1
匹配的数量为:2561
*****Loop 84 finish******
twc estimate:     0.99888   -0.0098284    0.0462851    0.0174934
    0.016029     0.990639    -0.135565 -0.000643053
  -0.0445194     0.136156     0.989687   -0.0360972
           0            0            0            1
匹配的数量为:2543
*****Loop 85 finish******
twc estimate:   0.999217 -0.00426796   0.0393424   0.0149797
 0.00861236    0.993791   -0.110927  0.00331712
 -0.0386247    0.111179    0.993049  -0.0216995
          0           0           0           1
匹配的数量为:2506
*****Loop 86 finish******
twc estimate:   0.999501 -0.00182112   0.0315466   0.0116048
 0.00439838    0.996637  -0.0818215 -0.00634705
 -0.0312915   0.0819194    0.996148 -0.00630643
          0           0           0           1
匹配的数量为:2550
*****Loop 87 finish******
twc estimate:   0.999782  0.00111605   0.0208683  0.00767113
0.000245696    0.997876  -0.0651383 -0.00484704
 -0.0208966   0.0651292    0.997658  0.00778384
          0           0           0           1
匹配的数量为:2547
*****Loop 88 finish******
twc estimate:   0.999955  0.00342507  0.00890028  0.00350305
-0.00302307    0.998992  -0.0447945 -0.00242281
-0.00904473   0.0447656    0.998957   0.0221976
          0           0           0           1
匹配的数量为:2545
*****Loop 89 finish******
twc estimate:   0.999971  0.00379753 -0.00661649  0.00197187
-0.00394358    0.999746  -0.0222022 -0.00549763
  0.0065305   0.0222276    0.999732   0.0378634
          0           0           0           1
匹配的数量为:2574
*****Loop 90 finish******
twc estimate:   0.999773  0.00416691  -0.0208973  0.00200609
-0.00422588    0.999987 -0.00277834  -0.0102546
  0.0208854  0.00286602    0.999778   0.0548922
          0           0           0           1
匹配的数量为:2594
*****Loop 91 finish******
twc estimate:   0.999494  0.00274367  -0.0317035  0.00143024
-0.00256002     0.99998  0.00583177  -0.0117701
  0.0317189 -0.00574766     0.99948   0.0700013
          0           0           0           1
匹配的数量为:2600
*****Loop 92 finish******
twc estimate:    0.999167   0.00478858   -0.0405259 -0.000802319
 -0.00423005     0.999895    0.0138566  -0.00455561
    0.040588   -0.0136737     0.999082    0.0826967
           0            0            0            1
匹配的数量为:2590
*****Loop 93 finish******
twc estimate:    0.998721   0.00599902   -0.0502016 -0.000431364
  -0.0044557     0.999516    0.0307979   -0.0092483
   0.0503621   -0.0305349     0.998264     0.100401
           0            0            0            1
匹配的数量为:2597
*****Loop 94 finish******
twc estimate:   0.998364   0.0070051  -0.0567423 -0.00176872
-0.00483502    0.999255   0.0382919 -0.00884935
  0.0569682  -0.0379549    0.997654    0.113705
          0           0           0           1
匹配的数量为:2600
*****Loop 95 finish******
twc estimate:    0.997932   0.00621204   -0.0639759 -0.000378971
 -0.00324264     0.998917    0.0464139  -0.00489337
   0.0641949   -0.0461104     0.996872     0.130218
           0            0            0            1
匹配的数量为:2600
*****Loop 96 finish******
twc estimate:    0.997794    0.0037917    -0.066272 -0.000188884
-8.30802e-06     0.998374    0.0569962  -0.00692487
   0.0663804   -0.0568699     0.996172     0.146191
           0            0            0            1
匹配的数量为:2600
*****Loop 97 finish******
twc estimate:   0.997665  0.00438692  -0.0681519 -0.00207161
-0.00010958    0.998036   0.0626393 -0.00515296
  0.0682928  -0.0624856    0.995707    0.159397
          0           0           0           1
匹配的数量为:2600
*****Loop 98 finish******
twc estimate:   0.997451  0.00305619  -0.0712949 -0.00111532
 0.00187018     0.99762   0.0689296 -0.00571499
  0.0713359  -0.0688872    0.995071    0.176699
          0           0           0           1
匹配的数量为:2600
*****Loop 99 finish******
twc estimate:   0.997492 -0.00178098  -0.0707499 -0.00357078
 0.00675106    0.997519   0.0700718 -0.00418655
  0.0704496  -0.0703737     0.99503    0.189269
          0           0           0           1
匹配的数量为:2600
*****Loop 100 finish******
twc estimate:    0.997227  -0.00490473   -0.0742592   0.00312532
   0.0102657     0.997353    0.0719846 -7.68603e-05
   0.0737096   -0.0725473     0.994638     0.225409
           0            0            0            1
匹配的数量为:2600
*****Loop 101 finish******
twc estimate:   0.997775 -0.00496445  -0.0664813  0.00296677
 0.00930607    0.997832   0.0651563  0.00787321
  0.0660137    -0.06563    0.995658    0.238592
          0           0           0           1
匹配的数量为:2600
*****Loop 102 finish******
twc estimate:   0.998229 -0.00513806  -0.0592656  0.00554942
 0.00913348    0.997688    0.067343   0.0085718
  0.0587826  -0.0677651    0.995968    0.256202
          0           0           0           1
匹配的数量为:2597
*****Loop 103 finish******
twc estimate:   0.998829 -0.00470738   -0.048157  0.00494521
 0.00789566    0.997773   0.0662317  0.00805634
   0.047738  -0.0665343    0.996641    0.267264
          0           0           0           1
匹配的数量为:2600
*****Loop 104 finish******
twc estimate:   0.999107 -0.00659014  -0.0417268  0.00653497
 0.00923664    0.997936   0.0635529   0.0105704
  0.0412219  -0.0638816    0.997106    0.282023
          0           0           0           1
匹配的数量为:2576
*****Loop 105 finish******
twc estimate:  0.999439 -0.0103733 -0.0318494 0.00756323
 0.0122701   0.998126  0.0599506  0.0179683
 0.0311679 -0.0603078   0.997693   0.294046
         0          0          0          1
匹配的数量为:2595
*****Loop 106 finish******
twc estimate:  0.999569 -0.0186637 -0.0226705 0.00665786
 0.0201096   0.997662  0.0653215  0.0215692
 0.0213983 -0.0657492   0.997607   0.307458
         0          0          0          1
匹配的数量为:2600
*****Loop 107 finish******
twc estimate:  0.999616 -0.0232761 -0.0150433 0.00568956
 0.0242727   0.997261  0.0698626  0.0269226
  0.013376 -0.0702009   0.997443   0.319733
         0          0          0          1
匹配的数量为:2583
*****Loop 108 finish******
twc estimate:   0.999631    -0.02533 -0.00984293  0.00445096
  0.0260282    0.996547   0.0788429   0.0311052
 0.00781185  -0.0790699    0.996838    0.332661
          0           0           0           1
匹配的数量为:2592
*****Loop 109 finish******
twc estimate:   0.999601   -0.027753 -0.00530074  0.00437517
   0.028112    0.995724   0.0879943   0.0348672
 0.00283596  -0.0881082    0.996107    0.345242
          0           0           0           1
匹配的数量为:2576
*****Loop 110 finish******
twc estimate:   0.999572  -0.0292416 0.000926786  0.00178578
  0.0290127    0.994834   0.0972828   0.0386872
 -0.0037667  -0.0972143    0.995256    0.357749
          0           0           0           1
匹配的数量为:2582
*****Loop 111 finish******
twc estimate:   0.999452  -0.0329555  0.00315897 7.32445e-05
  0.0324394    0.993901    0.105393   0.0428128
-0.00661298   -0.105232    0.994426      0.3694
          0           0           0           1
匹配的数量为:2578
*****Loop 112 finish******
twc estimate:   0.999415  -0.0339216  0.00424685 -0.00242943
  0.0332094    0.992821    0.114911   0.0486993
-0.00811433   -0.114703    0.993367    0.380154
          0           0           0           1
匹配的数量为:2579
*****Loop 113 finish******
twc estimate:   0.999314  -0.0369717  0.00234302 -0.00527252
  0.0363542    0.990857    0.129927   0.0503523
-0.00712523   -0.129753    0.991521    0.392067
          0           0           0           1
匹配的数量为:2585
*****Loop 114 finish******
twc estimate:    0.999236   -0.0390642 -0.000843883  -0.00651952
   0.0388033     0.989564     0.138771    0.0523007
 -0.00458592    -0.138698     0.990324     0.402546
           0            0            0            1
匹配的数量为:2587
*****Loop 115 finish******
twc estimate:   0.999207  -0.0396375 -0.00387336 -0.00783167
  0.0397779    0.988467    0.146118   0.0532412
-0.00196304   -0.146156     0.98926    0.413416
          0           0           0           1
匹配的数量为:2600
*****Loop 116 finish******
twc estimate:   0.998885  -0.0466853 -0.00699114 -0.00870944
  0.0472058     0.98821    0.145642   0.0566831
0.000109352    -0.14581    0.989313    0.420422
          0           0           0           1
匹配的数量为:2600
*****Loop 117 finish******
twc estimate:  0.998736 -0.0491605 -0.0104331  -0.009679
 0.0501588   0.987967   0.146302   0.062438
0.00311528  -0.146641   0.989185   0.426425
         0          0          0          1
匹配的数量为:2600
*****Loop 118 finish******
twc estimate:  0.998412 -0.0547124 -0.0134449 -0.0100251
 0.0561308   0.986517   0.153731  0.0652862
 0.0048527  -0.154241   0.988021   0.432013
         0          0          0          1
匹配的数量为:2594
*****Loop 119 finish******
twc estimate:  0.998416 -0.0543984 -0.0143851 -0.0121127
 0.0560174   0.985049   0.162913  0.0707622
0.00530785  -0.163461   0.986536    0.43406
         0          0          0          1
匹配的数量为:2583
*****Loop 120 finish******
twc estimate:   0.999093  -0.0392029  -0.0166216 -0.00865466
  0.0415734    0.982481    0.181669   0.0710646
 0.00920849   -0.182195    0.983219    0.437064
          0           0           0           1
匹配的数量为:2588
*****Loop 121 finish******
twc estimate:    0.999624   -0.0268906  -0.00536452  -0.00860161
   0.0274204     0.979844     0.197873    0.0651772
-6.45334e-05    -0.197946     0.980213     0.440786
           0            0            0            1
匹配的数量为:2588
*****Loop 122 finish******
twc estimate:   0.999796  -0.0196925  0.00444621  -0.0117558
  0.0184046    0.979596    0.200132   0.0626351
-0.00829658   -0.200009    0.979759    0.439325
          0           0           0           1
匹配的数量为:2588
*****Loop 123 finish******
twc estimate:  0.999839 -0.0174797 0.00399658 -0.0137828
 0.0163279   0.979672   0.199939  0.0603081
-0.0074102  -0.199841     0.9798   0.435645
         0          0          0          1
匹配的数量为:2588
*****Loop 124 finish******
twc estimate:    0.999851   -0.0170599  -0.00257171   -0.0147651
   0.0172313     0.980035     0.198075    0.0555333
-0.000858774     -0.19809     0.980184      0.43045
           0            0            0            1
匹配的数量为:2579
*****Loop 125 finish******
twc estimate:  0.999843 -0.0135824 -0.0113584 -0.0137041
 0.0154979   0.981571    0.19047  0.0531439
0.00856207  -0.190616   0.981627   0.420756
         0          0          0          1
匹配的数量为:2590
*****Loop 126 finish******
twc estimate:  0.999809 -0.0118118 -0.0155425 -0.0130425
 0.0144696   0.982844   0.183868  0.0506365
 0.0131041  -0.184058   0.982828    0.41036
         0          0          0          1
匹配的数量为:2590
*****Loop 127 finish******
twc estimate:   0.999787 -0.00567129  -0.0198235  -0.0148128
 0.00919603    0.983158    0.182526   0.0487876
  0.0184544    -0.18267    0.983001    0.398435
          0           0           0           1
匹配的数量为:2587
*****Loop 128 finish******
twc estimate:    0.999652 -0.000667407   -0.0263803   -0.0135841
  0.00552532     0.982815     0.184511    0.0417825
   0.0258038    -0.184592     0.982476     0.388397
           0            0            0            1
匹配的数量为:2593
*****Loop 129 finish******
twc estimate:    0.99951 -0.00121989  -0.0312746  -0.0155695
 0.00677752    0.983967    0.178223   0.0404595
  0.0305558   -0.178348    0.983493    0.373925
          0           0           0           1
匹配的数量为:2582
*****Loop 130 finish******
twc estimate:   0.99911  0.0010682  -0.042164 -0.0168338
 0.0066433   0.983215   0.182328  0.0359852
  0.041651  -0.182446   0.982333   0.362192
         0          0          0          1
匹配的数量为:2572
*****Loop 131 finish******
twc estimate:   0.998444 0.000407469  -0.0557669  -0.0163326
 0.00957033    0.983887    0.178535   0.0324717
  0.0549411   -0.178791    0.982352    0.347866
          0           0           0           1
匹配的数量为:2577
*****Loop 132 finish******
twc estimate:  0.997511 0.00087618 -0.0704986 -0.0128817
 0.0115805   0.984306    0.17609  0.0292767
 0.0695464  -0.176468   0.981846   0.334135
         0          0          0          1
匹配的数量为:2595
*****Loop 133 finish******
twc estimate:  0.996898 0.00284339 -0.0786568 -0.0118698
 0.0109459   0.984628   0.174323  0.0284765
 0.0779433  -0.174643   0.981542   0.318116
         0          0          0          1
匹配的数量为:2600
*****Loop 134 finish******
twc estimate:  0.996202 0.00552441 -0.0868919 -0.0113032
 0.0101644   0.983782    0.17908   0.018962
  0.086472  -0.179283    0.97999   0.305884
         0          0          0          1
匹配的数量为:2597
*****Loop 135 finish******
twc estimate:   0.995465   0.0124609  -0.0943096 -0.00721468
 0.00352557     0.98587    0.167474   0.0147263
  0.0950639   -0.167047    0.981355     0.29101
          0           0           0           1
匹配的数量为:2600
*****Loop 136 finish******
twc estimate:   0.995539   0.0215016  -0.0918731 -0.00666897
-0.00679528    0.987499    0.157477   0.0149494
  0.0941106    -0.15615     0.98324     0.27064
          0           0           0           1
匹配的数量为:2600
*****Loop 137 finish******
twc estimate:  0.995489  0.0289918 -0.0903389 -0.0056712
-0.0145451   0.987548   0.156646 0.00760268
 0.0937554  -0.154625   0.983515   0.257407
         0          0          0          1
匹配的数量为:2600
*****Loop 138 finish******
twc estimate:   0.995603   0.0341553   -0.087228 -0.00402027
 -0.0211871    0.989134    0.145484   0.0012391
  0.0912492   -0.142996    0.985508    0.242675
          0           0           0           1
匹配的数量为:2600
*****Loop 139 finish******
twc estimate:   0.996028   0.0420273  -0.0784981 -0.00581558
 -0.0316835    0.991183    0.128654  0.00321688
   0.083213   -0.125656    0.988578    0.217755
          0           0           0           1
匹配的数量为:2600
*****Loop 140 finish******
twc estimate:   0.996255   0.0457952  -0.0733379 -0.00588881
 -0.0358592    0.990669    0.131487 -0.00364919
  0.0786751   -0.128365    0.988601    0.204356
          0           0           0           1
匹配的数量为:2600
*****Loop 141 finish******
twc estimate:   0.996427   0.0469859   -0.070187 -0.00771484
 -0.0380209    0.991552     0.12401  -0.0116538
  0.0754208   -0.120898    0.989796    0.186472
          0           0           0           1
匹配的数量为:2600
*****Loop 142 finish******
twc estimate:   0.996278   0.0488363  -0.0710336 -0.00783056
 -0.0406146    0.992775    0.112905  -0.0123066
  0.0760343     -0.1096    0.991063    0.168866
          0           0           0           1
匹配的数量为:2600
*****Loop 143 finish******
twc estimate:   0.996274   0.0488694  -0.0710561 -0.00445522
 -0.0409993    0.993274    0.108283  -0.0126036
  0.0758699   -0.104966    0.991577    0.154446
          0           0           0           1
匹配的数量为:2600
*****Loop 144 finish******
twc estimate:   0.996417   0.0495124  -0.0685648 -0.00309867
 -0.0421092    0.993527      0.1055  -0.0188749
  0.0733446   -0.102235    0.992053    0.143631
          0           0           0           1
匹配的数量为:2600
*****Loop 145 finish******
twc estimate:    0.99647   0.0515064  -0.0662936 0.000558049
 -0.0451532    0.994547   0.0940027  -0.0243449
  0.0707739  -0.0906775    0.993362      0.1311
          0           0           0           1
匹配的数量为:2600
*****Loop 146 finish******
twc estimate:   0.996903   0.0517276  -0.0592329 0.000684412
 -0.0469684     0.99576   0.0791011  -0.0233198
  0.0630734  -0.0760741    0.995105    0.115667
          0           0           0           1
匹配的数量为:2600
*****Loop 147 finish******
twc estimate:  0.997226  0.0505324 -0.0546514 0.00426677
-0.0467538   0.996566  0.0683389 -0.0266612
  0.057917 -0.0655942   0.996164   0.105287
         0          0          0          1
匹配的数量为:2600
*****Loop 148 finish******
twc estimate:  0.997473  0.0512304 -0.0492305 0.00694653
-0.0484934   0.997293   0.055267 -0.0320581
 0.0519286   -0.05274   0.997257   0.095228
         0          0          0          1
匹配的数量为:2593
*****Loop 149 finish******
twc estimate:  0.997749  0.0501511 -0.0445222  0.0110027
-0.0487629   0.998306  0.0317392 -0.0335143
 0.0460385 -0.0294968   0.998504  0.0851151
         0          0          0          1
匹配的数量为:2588
*****Loop 150 finish******
twc estimate:   0.998133    0.050565   -0.034246   0.0120351
 -0.0502421    0.998685   0.0102271  -0.0292133
  0.0347181 -0.00848746    0.999361    0.071457
          0           0           0           1
匹配的数量为:2600
*****Loop 151 finish******
twc estimate:   0.998312   0.0521328  -0.0255979   0.0144399
 -0.0522361    0.998629 -0.00338072  -0.0296213
  0.0253866  0.00471215    0.999667   0.0634829
          0           0           0           1
匹配的数量为:2579
*****Loop 152 finish******
twc estimate:  0.998512  0.0515499 -0.0177884  0.0181429
-0.0518274   0.998536 -0.0155122 -0.0274594
 0.0169627   0.016411   0.999721  0.0566562
         0          0          0          1
匹配的数量为:2587
*****Loop 153 finish******
twc estimate:   0.998722    0.049648 -0.00940566   0.0212004
 -0.0498382    0.998532   -0.021201  -0.0286388
 0.00833926   0.0216427    0.999731   0.0525322
          0           0           0           1
匹配的数量为:2584
*****Loop 154 finish******
twc estimate:   0.998785   0.0492294 -0.00210017   0.0226542
 -0.0492677    0.998439  -0.0263272  -0.0241675
0.000800815   0.0263987    0.999651   0.0479164
          0           0           0           1
匹配的数量为:2581
*****Loop 155 finish******
twc estimate:    0.99895   0.0457252  0.00290022   0.0256688
 -0.0456545    0.998737  -0.0209977  -0.0247208
-0.00385668   0.0208433    0.999775   0.0489829
          0           0           0           1
匹配的数量为:2585
*****Loop 156 finish******
twc estimate:   0.999197   0.0395267   0.0066131   0.0287736
 -0.0394035    0.999064  -0.0178237  -0.0301209
-0.00731143   0.0175488    0.999819   0.0495648
          0           0           0           1
匹配的数量为:2577
*****Loop 157 finish******
twc estimate:   0.999285   0.0367373  0.00893192   0.0314374
 -0.0365307    0.999084  -0.0222886  -0.0225463
-0.00974257   0.0219464    0.999712   0.0484448
          0           0           0           1
匹配的数量为:2577
*****Loop 158 finish******
twc estimate:  0.999337  0.0344294  0.0118273  0.0324488
-0.0342523   0.999303 -0.0148598 -0.0225074
-0.0123306  0.0144448    0.99982  0.0506199
         0          0          0          1
匹配的数量为:2580
*****Loop 159 finish******
twc estimate:  0.999336  0.0338488  0.0135039  0.0318103
-0.0336917   0.999364 -0.0116931 -0.0233912
-0.0138911  0.0112303    0.99984  0.0517498
         0          0          0          1
匹配的数量为:2580
*****Loop 160 finish******
twc estimate:    0.9994  0.0318849  0.0135032  0.0312345
-0.0317478   0.999443 -0.0102451 -0.0195269
-0.0138223 0.00981023   0.999856  0.0531528
         0          0          0          1
匹配的数量为:2577
*****Loop 161 finish******
twc estimate:  0.999473   0.029919  0.0125862  0.0278421
-0.0298496   0.999538 -0.0056662 -0.0138575
-0.0127499 0.00528752   0.999905  0.0548749
         0          0          0          1
匹配的数量为:2577
*****Loop 162 finish******
twc estimate:   0.999452   0.0323792  0.00690427   0.0277713
 -0.0323881    0.999475  0.00118194  -0.0152292
-0.00686237 -0.00140491    0.999975   0.0587915
          0           0           0           1
匹配的数量为:2586
*****Loop 163 finish******
twc estimate:   0.999472   0.0324315  0.00217864   0.0297328
  -0.032443    0.999459   0.0054769  -0.0136124
-0.00199984 -0.00554469    0.999983   0.0614096
          0           0           0           1
匹配的数量为:2596
*****Loop 164 finish******
twc estimate:    0.999466    0.0326646  0.000555289    0.0317719
  -0.0326686     0.999411    0.0105028   -0.0121303
-0.000211894   -0.0105153     0.999945    0.0645223
           0            0            0            1
匹配的数量为:2591
*****Loop 165 finish******
twc estimate:    0.999224    0.0393873  0.000674336    0.0363631
  -0.0393928     0.999135    0.0132868   -0.0149004
-0.000150422    -0.013303     0.999911    0.0701369
           0            0            0            1
匹配的数量为:2579
*****Loop 166 finish******
twc estimate:   0.998996   0.0443244  0.00652276   0.0393079
 -0.0443982    0.998946   0.0116503   -0.015397
-0.00599949  -0.0119282    0.999911   0.0720037
          0           0           0           1
匹配的数量为:2576
*****Loop 167 finish******
twc estimate:   0.998889    0.045312   0.0129615   0.0441271
 -0.0454174    0.998936  0.00795084  -0.0162369
 -0.0125875 -0.00853068    0.999884   0.0749838
          0           0           0           1
匹配的数量为:2578
*****Loop 168 finish******
twc estimate:   0.998775   0.0452086   0.0201363   0.0520241
 -0.0452822    0.998969  0.00321385  -0.0173108
 -0.0199702 -0.00412173    0.999792   0.0769457
          0           0           0           1
匹配的数量为:2568
*****Loop 169 finish******
twc estimate:   0.998371    0.049487   0.0283947   0.0608097
 -0.0493553    0.998767 -0.00532373  -0.0161134
 -0.0286232  0.00391363    0.999583   0.0791732
          0           0           0           1
匹配的数量为:2553
*****Loop 170 finish******
twc estimate:   0.99806  0.0478729  0.0398036  0.0736102
-0.0474573   0.998809 -0.0113229 -0.0143469
-0.0402982 0.00941199   0.999143  0.0840729
         0          0          0          1
匹配的数量为:2528
*****Loop 171 finish******
twc estimate:  0.997562  0.0370047  0.0591624   0.082967
 -0.036318    0.99926  -0.012642 -0.0159053
-0.0595865  0.0104625   0.998168  0.0874382
         0          0          0          1
匹配的数量为:2548
*****Loop 172 finish******
twc estimate:  0.996498  0.0367183  0.0751262  0.0859079
-0.0353916   0.999194 -0.0189166 -0.0149295
-0.0757603  0.0161915   0.996995  0.0920982
         0          0          0          1
